Started GET "/" for ::1 at 2021-04-24 16:39:57 +1000
  
ActiveRecord::NoDatabaseError (FATAL:  database "crudbud_development" does not exist
):
  
activerecord (5.2.5) lib/active_record/connection_adapters/postgresql_adapter.rb:696:in `rescue in connect'
activerecord (5.2.5) lib/active_record/connection_adapters/postgresql_adapter.rb:691:in `connect'
activerecord (5.2.5) lib/active_record/connection_adapters/postgresql_adapter.rb:223:in `initialize'
activerecord (5.2.5) lib/active_record/connection_adapters/postgresql_adapter.rb:48:in `new'
activerecord (5.2.5) lib/active_record/connection_adapters/postgresql_adapter.rb:48:in `postgresql_connection'
activerecord (5.2.5) lib/active_record/connection_adapters/abstract/connection_pool.rb:830:in `new_connection'
activerecord (5.2.5) lib/active_record/connection_adapters/abstract/connection_pool.rb:874:in `checkout_new_connection'
activerecord (5.2.5) lib/active_record/connection_adapters/abstract/connection_pool.rb:853:in `try_to_checkout_new_connection'
activerecord (5.2.5) lib/active_record/connection_adapters/abstract/connection_pool.rb:814:in `acquire_connection'
activerecord (5.2.5) lib/active_record/connection_adapters/abstract/connection_pool.rb:538:in `checkout'
activerecord (5.2.5) lib/active_record/connection_adapters/abstract/connection_pool.rb:382:in `connection'
activerecord (5.2.5) lib/active_record/connection_adapters/abstract/connection_pool.rb:1033:in `retrieve_connection'
activerecord (5.2.5) lib/active_record/connection_handling.rb:118:in `retrieve_connection'
activerecord (5.2.5) lib/active_record/connection_handling.rb:90:in `connection'
activerecord (5.2.5) lib/active_record/migration.rb:554:in `call'
actionpack (5.2.5) lib/action_dispatch/middleware/callbacks.rb:28:in `block in call'
activesupport (5.2.5) lib/active_support/callbacks.rb:98:in `run_callbacks'
actionpack (5.2.5) lib/action_dispatch/middleware/callbacks.rb:26:in `call'
actionpack (5.2.5) lib/action_dispatch/middleware/executor.rb:14:in `call'
actionpack (5.2.5) lib/action_dispatch/middleware/debug_exceptions.rb:61:in `call'
web-console (3.7.0) lib/web_console/middleware.rb:135:in `call_app'
web-console (3.7.0) lib/web_console/middleware.rb:30:in `block in call'
web-console (3.7.0) lib/web_console/middleware.rb:20:in `catch'
web-console (3.7.0) lib/web_console/middleware.rb:20:in `call'
actionpack (5.2.5) lib/action_dispatch/middleware/show_exceptions.rb:33:in `call'
railties (5.2.5) lib/rails/rack/logger.rb:38:in `call_app'
railties (5.2.5) lib/rails/rack/logger.rb:26:in `block in call'
activesupport (5.2.5) lib/active_support/tagged_logging.rb:71:in `block in tagged'
activesupport (5.2.5) lib/active_support/tagged_logging.rb:28:in `tagged'
activesupport (5.2.5) lib/active_support/tagged_logging.rb:71:in `tagged'
railties (5.2.5) lib/rails/rack/logger.rb:26:in `call'
sprockets-rails (3.2.2) lib/sprockets/rails/quiet_assets.rb:13:in `call'
actionpack (5.2.5) lib/action_dispatch/middleware/remote_ip.rb:81:in `call'
actionpack (5.2.5) lib/action_dispatch/middleware/request_id.rb:27:in `call'
rack (2.2.3) lib/rack/method_override.rb:24:in `call'
rack (2.2.3) lib/rack/runtime.rb:22:in `call'
activesupport (5.2.5) lib/active_support/cache/strategy/local_cache_middleware.rb:29:in `call'
actionpack (5.2.5) lib/action_dispatch/middleware/executor.rb:14:in `call'
actionpack (5.2.5) lib/action_dispatch/middleware/static.rb:127:in `call'
rack (2.2.3) lib/rack/sendfile.rb:110:in `call'
railties (5.2.5) lib/rails/engine.rb:524:in `call'
puma (3.12.6) lib/puma/configuration.rb:227:in `call'
puma (3.12.6) lib/puma/server.rb:706:in `handle_request'
puma (3.12.6) lib/puma/server.rb:476:in `process_client'
puma (3.12.6) lib/puma/server.rb:334:in `block in run'
puma (3.12.6) lib/puma/thread_pool.rb:135:in `block in spawn_thread'
  [1m[35m (195.1ms)[0m  [1m[35mCREATE DATABASE "crudbud_development" ENCODING = 'unicode'[0m
  ↳ bin/rails:9
  [1m[35m (91.0ms)[0m  [1m[35mCREATE DATABASE "crudbud_test" ENCODING = 'unicode'[0m
  ↳ bin/rails:9
Started GET "/" for ::1 at 2021-04-24 16:42:39 +1000
Processing by PagesController#home as HTML
  Rendering pages/home.html.erb within layouts/application
  Rendered pages/home.html.erb within layouts/application (0.6ms)
Completed 200 OK in 654ms (Views: 649.3ms | ActiveRecord: 0.0ms)


Started GET "/users/new" for ::1 at 2021-04-24 16:54:05 +1000
Processing by UsersController#new as HTML
  Rendering users/new.html.erb within layouts/application
  Rendered users/new.html.erb within layouts/application (0.3ms)
Completed 200 OK in 68ms (Views: 67.0ms | ActiveRecord: 0.0ms)


Started GET "/users/new" for ::1 at 2021-04-24 16:59:52 +1000
Processing by UsersController#new as HTML
Completed 500 Internal Server Error in 1ms (ActiveRecord: 0.0ms)


  
NameError (uninitialized constant UsersController::User):
  
app/controllers/users_controller.rb:3:in `new'
Started GET "/users/new" for ::1 at 2021-04-24 17:00:34 +1000
Processing by UsersController#new as HTML
Completed 500 Internal Server Error in 4ms (ActiveRecord: 0.0ms)


  
NameError (uninitialized constant UsersController::User):
  
app/controllers/users_controller.rb:3:in `new'
Started GET "/users/new" for ::1 at 2021-04-24 17:01:03 +1000
Processing by UsersController#new as HTML
Completed 500 Internal Server Error in 1ms (ActiveRecord: 0.0ms)


  
NameError (uninitialized constant UsersController::User):
  
app/controllers/users_controller.rb:3:in `new'
  [1m[35m (30.9ms)[0m  [1m[35mCREATE TABLE "schema_migrations" ("version" character varying NOT NULL PRIMARY KEY)[0m
  ↳ bin/rails:9
  [1m[35m (3.2ms)[0m  [1m[35mCREATE TABLE "ar_internal_metadata" ("key" character varying NOT NULL PRIMARY KEY, "value" character varying, "created_at" timestamp NOT NULL, "updated_at" timestamp NOT NULL)[0m
  ↳ bin/rails:9
  [1m[35m (0.6ms)[0m  [1m[34mSELECT pg_try_advisory_lock(431183776978142475)[0m
  ↳ bin/rails:9
  [1m[35m (0.5ms)[0m  [1m[34mSELECT "schema_migrations"."version" FROM "schema_migrations" ORDER BY "schema_migrations"."version" ASC[0m
  ↳ bin/rails:9
Migrating to CreateUsers (20210424070415)
  [1m[35m (0.1ms)[0m  [1m[35mBEGIN[0m
  ↳ bin/rails:9
  [1m[35m (7.8ms)[0m  [1m[35mCREATE TABLE "users" ("id" bigserial primary key, "email" text, "created_at" timestamp NOT NULL, "updated_at" timestamp NOT NULL)[0m
  ↳ db/migrate/20210424070415_create_users.rb:3
  [1m[36mActiveRecord::SchemaMigration Create (3.9ms)[0m  [1m[32mINSERT INTO "schema_migrations" ("version") VALUES ($1) RETURNING "version"[0m  [["version", "20210424070415"]]
  ↳ bin/rails:9
  [1m[35m (0.7ms)[0m  [1m[35mCOMMIT[0m
  ↳ bin/rails:9
  [1m[36mActiveRecord::InternalMetadata Load (0.4ms)[0m  [1m[34mSELECT  "ar_internal_metadata".* FROM "ar_internal_metadata" WHERE "ar_internal_metadata"."key" = $1 LIMIT $2[0m  [["key", "environment"], ["LIMIT", 1]]
  ↳ bin/rails:9
  [1m[35m (0.3ms)[0m  [1m[35mBEGIN[0m
  ↳ bin/rails:9
  [1m[36mActiveRecord::InternalMetadata Create (0.9ms)[0m  [1m[32mINSERT INTO "ar_internal_metadata" ("key", "value", "created_at", "updated_at") VALUES ($1, $2, $3, $4) RETURNING "key"[0m  [["key", "environment"], ["value", "development"], ["created_at", "2021-04-24 07:04:24.792872"], ["updated_at", "2021-04-24 07:04:24.792872"]]
  ↳ bin/rails:9
  [1m[35m (0.3ms)[0m  [1m[35mCOMMIT[0m
  ↳ bin/rails:9
  [1m[35m (0.2ms)[0m  [1m[34mSELECT pg_advisory_unlock(431183776978142475)[0m
  ↳ bin/rails:9
  [1m[35m (0.2ms)[0m  [1m[34mSELECT "schema_migrations"."version" FROM "schema_migrations" ORDER BY "schema_migrations"."version" ASC[0m
  ↳ bin/rails:9
Started GET "/users/new" for ::1 at 2021-04-24 17:04:39 +1000
  [1m[35m (1.0ms)[0m  [1m[34mSELECT "schema_migrations"."version" FROM "schema_migrations" ORDER BY "schema_migrations"."version" ASC[0m
  ↳ /Users/paul/.rvm/gems/ruby-2.7.3/gems/activerecord-5.2.5/lib/active_record/log_subscriber.rb:98
Processing by UsersController#new as HTML
  Rendering users/new.html.erb within layouts/application
  Rendered users/new.html.erb within layouts/application (22.0ms)
Completed 200 OK in 225ms (Views: 210.0ms | ActiveRecord: 5.6ms)


  [1m[35m (0.4ms)[0m  [1m[34mSELECT pg_try_advisory_lock(431183776978142475)[0m
  ↳ bin/rails:9
  [1m[35m (0.9ms)[0m  [1m[34mSELECT "schema_migrations"."version" FROM "schema_migrations" ORDER BY "schema_migrations"."version" ASC[0m
  ↳ bin/rails:9
Migrating to AddPasswordDigestToUsers (20210424070910)
  [1m[35m (0.1ms)[0m  [1m[35mBEGIN[0m
  ↳ bin/rails:9
  [1m[35m (3.7ms)[0m  [1m[35mALTER TABLE "users" ADD "password_digest" character varying[0m
  ↳ db/migrate/20210424070910_add_password_digest_to_users.rb:3
  [1m[36mActiveRecord::SchemaMigration Create (0.3ms)[0m  [1m[32mINSERT INTO "schema_migrations" ("version") VALUES ($1) RETURNING "version"[0m  [["version", "20210424070910"]]
  ↳ bin/rails:9
  [1m[35m (0.3ms)[0m  [1m[35mCOMMIT[0m
  ↳ bin/rails:9
  [1m[36mActiveRecord::InternalMetadata Load (1.4ms)[0m  [1m[34mSELECT  "ar_internal_metadata".* FROM "ar_internal_metadata" WHERE "ar_internal_metadata"."key" = $1 LIMIT $2[0m  [["key", "environment"], ["LIMIT", 1]]
  ↳ bin/rails:9
  [1m[35m (0.4ms)[0m  [1m[35mBEGIN[0m
  ↳ bin/rails:9
  [1m[35m (0.4ms)[0m  [1m[35mCOMMIT[0m
  ↳ bin/rails:9
  [1m[35m (0.4ms)[0m  [1m[34mSELECT pg_advisory_unlock(431183776978142475)[0m
  ↳ bin/rails:9
  [1m[35m (0.2ms)[0m  [1m[34mSELECT "schema_migrations"."version" FROM "schema_migrations" ORDER BY "schema_migrations"."version" ASC[0m
  ↳ bin/rails:9
Started GET "/users/new" for ::1 at 2021-04-24 17:26:36 +1000
  [1m[35m (0.7ms)[0m  [1m[34mSELECT "schema_migrations"."version" FROM "schema_migrations" ORDER BY "schema_migrations"."version" ASC[0m
  ↳ /Users/paul/.rvm/gems/ruby-2.7.3/gems/activerecord-5.2.5/lib/active_record/log_subscriber.rb:98
Processing by UsersController#new as HTML
  Rendering users/new.html.erb within layouts/application
  Rendered users/new.html.erb within layouts/application (11.8ms)
Completed 200 OK in 250ms (Views: 231.9ms | ActiveRecord: 5.8ms)


Started GET "/users/new" for ::1 at 2021-04-24 17:26:56 +1000
Processing by UsersController#new as HTML
  Rendering users/new.html.erb within layouts/application
  Rendered users/new.html.erb within layouts/application (1.6ms)
Completed 200 OK in 14ms (Views: 12.8ms | ActiveRecord: 0.0ms)


Started GET "/users/new" for ::1 at 2021-04-24 17:31:06 +1000
Processing by UsersController#new as HTML
  Rendering users/new.html.erb within layouts/application
  Rendered users/new.html.erb within layouts/application (1.5ms)
Completed 200 OK in 12ms (Views: 11.1ms | ActiveRecord: 0.0ms)


Started POST "/users" for ::1 at 2021-04-24 17:44:58 +1000
Processing by UsersController#create as HTML
  Parameters: {"utf8"=>"✓", "authenticity_token"=>"LGghFRr6mzFpu2aViR4UDk1rXQd6uzSdEvH_8oxuE2FK5kI7D1ZxrUN61mun72Jlw0xro8bf15dmcdNdDYyxRw", "user"=>{"email"=>"p@p.co", "password"=>"[FILTERED]", "password_confirmation"=>"[FILTERED]"}, "commit"=>"Sign Up"}
  [1m[35m (0.4ms)[0m  [1m[35mBEGIN[0m
  ↳ app/controllers/users_controller.rb:8
  [1m[35m (0.3ms)[0m  [1m[31mROLLBACK[0m
  ↳ app/controllers/users_controller.rb:8
  Rendering users/new.html.erb within layouts/application
  Rendered users/new.html.erb within layouts/application (1.3ms)
Completed 200 OK in 303ms (Views: 64.8ms | ActiveRecord: 8.5ms)


  [1m[35m (1.1ms)[0m  [1m[34mSELECT "schema_migrations"."version" FROM "schema_migrations" ORDER BY "schema_migrations"."version" ASC[0m
  ↳ bin/rails:9
  [1m[36mUser Load (1.4ms)[0m  [1m[34mSELECT "users".* FROM "users"[0m
  ↳ db/seeds.rb:1
  [1m[35m (0.4ms)[0m  [1m[35mBEGIN[0m
  ↳ db/seeds.rb:2
  [1m[36mUser Exists (0.8ms)[0m  [1m[34mSELECT  1 AS one FROM "users" WHERE "users"."email" = $1 LIMIT $2[0m  [["email", "jonesy@ga.co"], ["LIMIT", 1]]
  ↳ db/seeds.rb:2
  [1m[36mUser Create (1.0ms)[0m  [1m[32mINSERT INTO "users" ("email", "created_at", "updated_at", "password_digest") VALUES ($1, $2, $3, $4) RETURNING "id"[0m  [["email", "jonesy@ga.co"], ["created_at", "2021-04-24 20:27:50.390788"], ["updated_at", "2021-04-24 20:27:50.390788"], ["password_digest", "$2a$12$TlA3TZZZ02AYHOfoHgv0tu9TIjlub6RGPN0pyfga2iJUEd6dfG9Ha"]]
  ↳ db/seeds.rb:2
  [1m[35m (1.4ms)[0m  [1m[35mCOMMIT[0m
  ↳ db/seeds.rb:2
  [1m[35m (0.4ms)[0m  [1m[35mBEGIN[0m
  ↳ db/seeds.rb:3
  [1m[36mUser Exists (0.4ms)[0m  [1m[34mSELECT  1 AS one FROM "users" WHERE "users"."email" = $1 LIMIT $2[0m  [["email", "craigsy@ga.co"], ["LIMIT", 1]]
  ↳ db/seeds.rb:3
  [1m[36mUser Create (0.6ms)[0m  [1m[32mINSERT INTO "users" ("email", "created_at", "updated_at", "password_digest") VALUES ($1, $2, $3, $4) RETURNING "id"[0m  [["email", "craigsy@ga.co"], ["created_at", "2021-04-24 20:27:50.601369"], ["updated_at", "2021-04-24 20:27:50.601369"], ["password_digest", "$2a$12$HJNHW5h2mYpVzZbVSqyLy.Z1sIlfC0R/V6VEP48Dme.ffvWWPdX0K"]]
  ↳ db/seeds.rb:3
  [1m[35m (0.4ms)[0m  [1m[35mCOMMIT[0m
  ↳ db/seeds.rb:3
  [1m[35m (3.8ms)[0m  [1m[34mSELECT COUNT(*) FROM "users"[0m
  ↳ db/seeds.rb:4
Started GET "/users" for ::1 at 2021-04-25 06:28:11 +1000
  
ActionController::RoutingError (No route matches [GET] "/users"):
  
actionpack (5.2.5) lib/action_dispatch/middleware/debug_exceptions.rb:65:in `call'
web-console (3.7.0) lib/web_console/middleware.rb:135:in `call_app'
web-console (3.7.0) lib/web_console/middleware.rb:30:in `block in call'
web-console (3.7.0) lib/web_console/middleware.rb:20:in `catch'
web-console (3.7.0) lib/web_console/middleware.rb:20:in `call'
actionpack (5.2.5) lib/action_dispatch/middleware/show_exceptions.rb:33:in `call'
railties (5.2.5) lib/rails/rack/logger.rb:38:in `call_app'
railties (5.2.5) lib/rails/rack/logger.rb:26:in `block in call'
activesupport (5.2.5) lib/active_support/tagged_logging.rb:71:in `block in tagged'
activesupport (5.2.5) lib/active_support/tagged_logging.rb:28:in `tagged'
activesupport (5.2.5) lib/active_support/tagged_logging.rb:71:in `tagged'
railties (5.2.5) lib/rails/rack/logger.rb:26:in `call'
sprockets-rails (3.2.2) lib/sprockets/rails/quiet_assets.rb:13:in `call'
actionpack (5.2.5) lib/action_dispatch/middleware/remote_ip.rb:81:in `call'
actionpack (5.2.5) lib/action_dispatch/middleware/request_id.rb:27:in `call'
rack (2.2.3) lib/rack/method_override.rb:24:in `call'
rack (2.2.3) lib/rack/runtime.rb:22:in `call'
activesupport (5.2.5) lib/active_support/cache/strategy/local_cache_middleware.rb:29:in `call'
actionpack (5.2.5) lib/action_dispatch/middleware/executor.rb:14:in `call'
actionpack (5.2.5) lib/action_dispatch/middleware/static.rb:127:in `call'
rack (2.2.3) lib/rack/sendfile.rb:110:in `call'
railties (5.2.5) lib/rails/engine.rb:524:in `call'
puma (3.12.6) lib/puma/configuration.rb:227:in `call'
puma (3.12.6) lib/puma/server.rb:706:in `handle_request'
puma (3.12.6) lib/puma/server.rb:476:in `process_client'
puma (3.12.6) lib/puma/server.rb:334:in `block in run'
puma (3.12.6) lib/puma/thread_pool.rb:135:in `block in spawn_thread'
Started GET "/users/new" for ::1 at 2021-04-25 06:28:39 +1000
  [1m[35m (0.7ms)[0m  [1m[34mSELECT "schema_migrations"."version" FROM "schema_migrations" ORDER BY "schema_migrations"."version" ASC[0m
  ↳ /Users/paul/.rvm/gems/ruby-2.7.3/gems/activerecord-5.2.5/lib/active_record/log_subscriber.rb:98
Processing by UsersController#new as HTML
  Rendering users/new.html.erb within layouts/application
  Rendered users/new.html.erb within layouts/application (0.8ms)
Completed 500 Internal Server Error in 19ms (ActiveRecord: 5.0ms)


  
SyntaxError (/Users/paul/Desktop/crudbud/app/views/users/new.html.erb:9: syntax error, unexpected `end'
...eze;@output_buffer.append=( end );@output_buffer.safe_append...
...                            ^~~
/Users/paul/Desktop/crudbud/app/views/users/new.html.erb:25: syntax error, unexpected `ensure', expecting ')'
          ensure
          ^~~~~~
/Users/paul/Desktop/crudbud/app/views/users/new.html.erb:27: syntax error, unexpected `end', expecting ')'
          end
          ^~~
):
  
app/views/users/new.html.erb:9: syntax error, unexpected `end'
app/views/users/new.html.erb:25: syntax error, unexpected `ensure', expecting ')'
app/views/users/new.html.erb:27: syntax error, unexpected `end', expecting ')'
Started GET "/users/new" for ::1 at 2021-04-25 06:29:22 +1000
Processing by UsersController#new as HTML
  Rendering users/new.html.erb within layouts/application
  Rendered users/new.html.erb within layouts/application (15.4ms)
Completed 200 OK in 220ms (Views: 218.0ms | ActiveRecord: 0.0ms)


Started POST "/users" for ::1 at 2021-04-25 06:29:43 +1000
Processing by UsersController#create as HTML
  Parameters: {"utf8"=>"✓", "authenticity_token"=>"5aECrcu8EByjpP__s37yuTu9BOzb08L-uv2SE27NAqiDL2GD3hD6gIllTwGdj4TStZoySGe3IfTOfb687y-gjg", "user"=>{"email"=>"jonesy@ga.co", "password"=>"[FILTERED]", "password_confirmation"=>"[FILTERED]"}, "commit"=>"Sign Up"}
  [1m[35m (0.2ms)[0m  [1m[35mBEGIN[0m
  ↳ app/controllers/users_controller.rb:8
  [1m[36mUser Exists (0.9ms)[0m  [1m[34mSELECT  1 AS one FROM "users" WHERE "users"."email" = $1 LIMIT $2[0m  [["email", "jonesy@ga.co"], ["LIMIT", 1]]
  ↳ app/controllers/users_controller.rb:8
  [1m[35m (0.2ms)[0m  [1m[31mROLLBACK[0m
  ↳ app/controllers/users_controller.rb:8
  Rendering users/new.html.erb within layouts/application
  Rendered users/new.html.erb within layouts/application (1.7ms)
Completed 200 OK in 233ms (Views: 11.6ms | ActiveRecord: 1.3ms)


Started POST "/users" for ::1 at 2021-04-25 06:29:55 +1000
Processing by UsersController#create as HTML
  Parameters: {"utf8"=>"✓", "authenticity_token"=>"Cn_WB-aQSxf4unqfRyfcw6SSrAj7U6b7Z-NYlwywJQZs8bUp8zyhi9J7ymFp1qqoKrWarEc3RfETY3Q4jVKHIA", "user"=>{"email"=>"jonesy@ga.co", "password"=>"[FILTERED]", "password_confirmation"=>"[FILTERED]"}, "commit"=>"Sign Up"}
  [1m[35m (0.2ms)[0m  [1m[35mBEGIN[0m
  ↳ app/controllers/users_controller.rb:8
  [1m[36mUser Exists (0.3ms)[0m  [1m[34mSELECT  1 AS one FROM "users" WHERE "users"."email" = $1 LIMIT $2[0m  [["email", "jonesy@ga.co"], ["LIMIT", 1]]
  ↳ app/controllers/users_controller.rb:8
  [1m[35m (0.1ms)[0m  [1m[31mROLLBACK[0m
  ↳ app/controllers/users_controller.rb:8
  Rendering users/new.html.erb within layouts/application
  Rendered users/new.html.erb within layouts/application (1.4ms)
Completed 200 OK in 231ms (Views: 11.5ms | ActiveRecord: 0.6ms)


Started GET "/users" for ::1 at 2021-04-25 06:30:04 +1000
  
ActionController::RoutingError (No route matches [GET] "/users"):
  
actionpack (5.2.5) lib/action_dispatch/middleware/debug_exceptions.rb:65:in `call'
web-console (3.7.0) lib/web_console/middleware.rb:135:in `call_app'
web-console (3.7.0) lib/web_console/middleware.rb:30:in `block in call'
web-console (3.7.0) lib/web_console/middleware.rb:20:in `catch'
web-console (3.7.0) lib/web_console/middleware.rb:20:in `call'
actionpack (5.2.5) lib/action_dispatch/middleware/show_exceptions.rb:33:in `call'
railties (5.2.5) lib/rails/rack/logger.rb:38:in `call_app'
railties (5.2.5) lib/rails/rack/logger.rb:26:in `block in call'
activesupport (5.2.5) lib/active_support/tagged_logging.rb:71:in `block in tagged'
activesupport (5.2.5) lib/active_support/tagged_logging.rb:28:in `tagged'
activesupport (5.2.5) lib/active_support/tagged_logging.rb:71:in `tagged'
railties (5.2.5) lib/rails/rack/logger.rb:26:in `call'
sprockets-rails (3.2.2) lib/sprockets/rails/quiet_assets.rb:13:in `call'
actionpack (5.2.5) lib/action_dispatch/middleware/remote_ip.rb:81:in `call'
actionpack (5.2.5) lib/action_dispatch/middleware/request_id.rb:27:in `call'
rack (2.2.3) lib/rack/method_override.rb:24:in `call'
rack (2.2.3) lib/rack/runtime.rb:22:in `call'
activesupport (5.2.5) lib/active_support/cache/strategy/local_cache_middleware.rb:29:in `call'
actionpack (5.2.5) lib/action_dispatch/middleware/executor.rb:14:in `call'
actionpack (5.2.5) lib/action_dispatch/middleware/static.rb:127:in `call'
rack (2.2.3) lib/rack/sendfile.rb:110:in `call'
railties (5.2.5) lib/rails/engine.rb:524:in `call'
puma (3.12.6) lib/puma/configuration.rb:227:in `call'
puma (3.12.6) lib/puma/server.rb:706:in `handle_request'
puma (3.12.6) lib/puma/server.rb:476:in `process_client'
puma (3.12.6) lib/puma/server.rb:334:in `block in run'
puma (3.12.6) lib/puma/thread_pool.rb:135:in `block in spawn_thread'
Started GET "/login" for ::1 at 2021-04-25 06:30:36 +1000
Processing by SessionController#new as HTML
  Rendering session/new.html.erb within layouts/application
  Rendered session/new.html.erb within layouts/application (0.7ms)
Completed 200 OK in 12ms (Views: 11.2ms | ActiveRecord: 0.0ms)


Started POST "/login" for ::1 at 2021-04-25 06:30:52 +1000
Processing by SessionController#create as HTML
  Parameters: {"utf8"=>"✓", "authenticity_token"=>"KULs9DHK-W-4m0seMbaSX2hsEPGAHkt6ek3DYuT_Em9PzI_aJGYT85Ja--AfR-Q05ksmVTx6qHAOze_NZR2wSQ", "email"=>"jonesy@ga.co", "password"=>"[FILTERED]", "commit"=>"Sign in"}
  [1m[36mUser Load (0.3ms)[0m  [1m[34mSELECT  "users".* FROM "users" WHERE "users"."email" = $1 LIMIT $2[0m  [["email", "jonesy@ga.co"], ["LIMIT", 1]]
  ↳ app/controllers/session_controller.rb:6
Redirected to http://localhost:3000/login
Completed 302 Found in 223ms (ActiveRecord: 0.5ms)


Started GET "/login" for ::1 at 2021-04-25 06:30:52 +1000
Processing by SessionController#new as HTML
  Rendering session/new.html.erb within layouts/application
  Rendered session/new.html.erb within layouts/application (0.6ms)
Completed 200 OK in 13ms (Views: 12.3ms | ActiveRecord: 0.0ms)


Started POST "/login" for ::1 at 2021-04-25 06:31:00 +1000
Processing by SessionController#create as HTML
  Parameters: {"utf8"=>"✓", "authenticity_token"=>"HqfXmcTI5GRj-kphPtFg3x_6qVjfWDnbzOu2-VJmckV4KbS30WQO-Ek7-p8QIBa0kd2f_GM82tG4a5pW04TQYw", "email"=>"jonesy@ga.co", "password"=>"[FILTERED]", "commit"=>"Sign in"}
  [1m[36mUser Load (0.3ms)[0m  [1m[34mSELECT  "users".* FROM "users" WHERE "users"."email" = $1 LIMIT $2[0m  [["email", "jonesy@ga.co"], ["LIMIT", 1]]
  ↳ app/controllers/session_controller.rb:6
Redirected to http://localhost:3000/
Completed 302 Found in 219ms (ActiveRecord: 0.3ms)


Started GET "/" for ::1 at 2021-04-25 06:31:00 +1000
Processing by PagesController#home as HTML
  Rendering pages/home.html.erb within layouts/application
  Rendered pages/home.html.erb within layouts/application (0.2ms)
Completed 200 OK in 13ms (Views: 11.6ms | ActiveRecord: 0.0ms)


Started GET "/" for ::1 at 2021-04-25 06:54:40 +1000
Processing by PagesController#home as HTML
  Rendering pages/home.html.erb within layouts/application
  Rendered pages/home.html.erb within layouts/application (0.3ms)
Completed 200 OK in 24ms (Views: 23.6ms | ActiveRecord: 0.0ms)


Started GET "/login" for ::1 at 2021-04-25 06:54:53 +1000
Processing by SessionController#new as HTML
  Rendering session/new.html.erb within layouts/application
  Rendered session/new.html.erb within layouts/application (0.7ms)
Completed 200 OK in 15ms (Views: 13.7ms | ActiveRecord: 0.0ms)


Started POST "/login" for ::1 at 2021-04-25 06:55:02 +1000
Processing by SessionController#create as HTML
  Parameters: {"utf8"=>"✓", "authenticity_token"=>"sGaKdCoJZ-12dVesN-01I4VfltZ7LgRPWvj_4GXBVaLW6OlaP6WNcVy051IZHENIC3igcsdK50UueNNP5CP3hA", "email"=>"jonesy@ga.co", "password"=>"[FILTERED]", "commit"=>"Sign in"}
  [1m[36mUser Load (0.4ms)[0m  [1m[34mSELECT  "users".* FROM "users" WHERE "users"."email" = $1 LIMIT $2[0m  [["email", "jonesy@ga.co"], ["LIMIT", 1]]
  ↳ app/controllers/session_controller.rb:6
Redirected to http://localhost:3000/login
Completed 302 Found in 237ms (ActiveRecord: 12.0ms)


Started GET "/login" for ::1 at 2021-04-25 06:55:03 +1000
Processing by SessionController#new as HTML
  Rendering session/new.html.erb within layouts/application
  Rendered session/new.html.erb within layouts/application (0.7ms)
Completed 200 OK in 12ms (Views: 11.1ms | ActiveRecord: 0.0ms)


Started POST "/login" for ::1 at 2021-04-25 06:55:16 +1000
Processing by SessionController#create as HTML
  Parameters: {"utf8"=>"✓", "authenticity_token"=>"Zibi1JexXcFoxzg81OPcmU2dNvPGcPWAnwIGrP0Sh8EAqIH6gh23XUIGiML6Eqryw7oAV3oUForrgioDfPAl5w", "email"=>"jonesy@ga.co", "password"=>"[FILTERED]", "commit"=>"Sign in"}
  [1m[36mUser Load (0.4ms)[0m  [1m[34mSELECT  "users".* FROM "users" WHERE "users"."email" = $1 LIMIT $2[0m  [["email", "jonesy@ga.co"], ["LIMIT", 1]]
  ↳ app/controllers/session_controller.rb:6
Redirected to http://localhost:3000/
Completed 302 Found in 218ms (ActiveRecord: 0.4ms)


Started GET "/" for ::1 at 2021-04-25 06:55:16 +1000
Processing by PagesController#home as HTML
  [1m[36mUser Load (0.2ms)[0m  [1m[34mSELECT  "users".* FROM "users" WHERE "users"."id" = $1 LIMIT $2[0m  [["id", 1], ["LIMIT", 1]]
  ↳ app/controllers/application_controller.rb:6
  Rendering pages/home.html.erb within layouts/application
  Rendered pages/home.html.erb within layouts/application (0.4ms)
Completed 200 OK in 13ms (Views: 10.7ms | ActiveRecord: 0.2ms)


Started GET "/" for ::1 at 2021-04-25 06:59:45 +1000
  [1m[35m (1.3ms)[0m  [1m[34mSELECT "schema_migrations"."version" FROM "schema_migrations" ORDER BY "schema_migrations"."version" ASC[0m
  ↳ /Users/paul/.rvm/gems/ruby-2.7.3/gems/activerecord-5.2.5/lib/active_record/log_subscriber.rb:98
Processing by PagesController#home as HTML
  [1m[36mUser Load (0.4ms)[0m  [1m[34mSELECT  "users".* FROM "users" WHERE "users"."id" = $1 LIMIT $2[0m  [["id", 1], ["LIMIT", 1]]
  ↳ app/controllers/application_controller.rb:6
  Rendering pages/home.html.erb within layouts/application
  Rendered pages/home.html.erb within layouts/application (1.1ms)
Completed 200 OK in 222ms (Views: 201.8ms | ActiveRecord: 5.9ms)


  [1m[36mUser Load (0.5ms)[0m  [1m[34mSELECT "users".* FROM "users"[0m
Started GET "/" for ::1 at 2021-04-25 07:26:15 +1000
Processing by PagesController#home as HTML
  [1m[36mUser Load (0.4ms)[0m  [1m[34mSELECT  "users".* FROM "users" WHERE "users"."id" = $1 LIMIT $2[0m  [["id", 1], ["LIMIT", 1]]
  ↳ app/controllers/application_controller.rb:6
  Rendering pages/home.html.erb within layouts/application
  Rendered pages/home.html.erb within layouts/application (0.3ms)
Completed 200 OK in 24ms (Views: 22.2ms | ActiveRecord: 0.5ms)


Started DELETE "/login" for ::1 at 2021-04-25 07:26:18 +1000
  
AbstractController::ActionNotFound (The action 'destroy' could not be found for SessionController):
  
actionpack (5.2.5) lib/abstract_controller/base.rb:129:in `process'
actionview (5.2.5) lib/action_view/rendering.rb:32:in `process'
actionpack (5.2.5) lib/action_controller/metal.rb:191:in `dispatch'
actionpack (5.2.5) lib/action_controller/metal.rb:252:in `dispatch'
actionpack (5.2.5) lib/action_dispatch/routing/route_set.rb:52:in `dispatch'
actionpack (5.2.5) lib/action_dispatch/routing/route_set.rb:34:in `serve'
actionpack (5.2.5) lib/action_dispatch/journey/router.rb:52:in `block in serve'
actionpack (5.2.5) lib/action_dispatch/journey/router.rb:35:in `each'
actionpack (5.2.5) lib/action_dispatch/journey/router.rb:35:in `serve'
actionpack (5.2.5) lib/action_dispatch/routing/route_set.rb:840:in `call'
rack (2.2.3) lib/rack/tempfile_reaper.rb:15:in `call'
rack (2.2.3) lib/rack/etag.rb:27:in `call'
rack (2.2.3) lib/rack/conditional_get.rb:40:in `call'
rack (2.2.3) lib/rack/head.rb:12:in `call'
actionpack (5.2.5) lib/action_dispatch/http/content_security_policy.rb:18:in `call'
rack (2.2.3) lib/rack/session/abstract/id.rb:266:in `context'
rack (2.2.3) lib/rack/session/abstract/id.rb:260:in `call'
actionpack (5.2.5) lib/action_dispatch/middleware/cookies.rb:670:in `call'
activerecord (5.2.5) lib/active_record/migration.rb:559:in `call'
actionpack (5.2.5) lib/action_dispatch/middleware/callbacks.rb:28:in `block in call'
activesupport (5.2.5) lib/active_support/callbacks.rb:98:in `run_callbacks'
actionpack (5.2.5) lib/action_dispatch/middleware/callbacks.rb:26:in `call'
actionpack (5.2.5) lib/action_dispatch/middleware/executor.rb:14:in `call'
actionpack (5.2.5) lib/action_dispatch/middleware/debug_exceptions.rb:61:in `call'
web-console (3.7.0) lib/web_console/middleware.rb:135:in `call_app'
web-console (3.7.0) lib/web_console/middleware.rb:30:in `block in call'
web-console (3.7.0) lib/web_console/middleware.rb:20:in `catch'
web-console (3.7.0) lib/web_console/middleware.rb:20:in `call'
actionpack (5.2.5) lib/action_dispatch/middleware/show_exceptions.rb:33:in `call'
railties (5.2.5) lib/rails/rack/logger.rb:38:in `call_app'
railties (5.2.5) lib/rails/rack/logger.rb:26:in `block in call'
activesupport (5.2.5) lib/active_support/tagged_logging.rb:71:in `block in tagged'
activesupport (5.2.5) lib/active_support/tagged_logging.rb:28:in `tagged'
activesupport (5.2.5) lib/active_support/tagged_logging.rb:71:in `tagged'
railties (5.2.5) lib/rails/rack/logger.rb:26:in `call'
sprockets-rails (3.2.2) lib/sprockets/rails/quiet_assets.rb:13:in `call'
actionpack (5.2.5) lib/action_dispatch/middleware/remote_ip.rb:81:in `call'
actionpack (5.2.5) lib/action_dispatch/middleware/request_id.rb:27:in `call'
rack (2.2.3) lib/rack/method_override.rb:24:in `call'
rack (2.2.3) lib/rack/runtime.rb:22:in `call'
activesupport (5.2.5) lib/active_support/cache/strategy/local_cache_middleware.rb:29:in `call'
actionpack (5.2.5) lib/action_dispatch/middleware/executor.rb:14:in `call'
actionpack (5.2.5) lib/action_dispatch/middleware/static.rb:127:in `call'
rack (2.2.3) lib/rack/sendfile.rb:110:in `call'
railties (5.2.5) lib/rails/engine.rb:524:in `call'
puma (3.12.6) lib/puma/configuration.rb:227:in `call'
puma (3.12.6) lib/puma/server.rb:706:in `handle_request'
puma (3.12.6) lib/puma/server.rb:476:in `process_client'
puma (3.12.6) lib/puma/server.rb:334:in `block in run'
puma (3.12.6) lib/puma/thread_pool.rb:135:in `block in spawn_thread'
Started DELETE "/login" for ::1 at 2021-04-25 07:28:58 +1000
Processing by SessionController#destroy as HTML
  Parameters: {"authenticity_token"=>"B_9PgC-flNZ-3knJD3l1q0PtEyFpaNWt3Aj1_Od_vdFhcSyuOjN-SlQf-TchiAPAzcolhdUMNqeoiNlTZp0f9w"}
  [1m[36mUser Load (0.4ms)[0m  [1m[34mSELECT  "users".* FROM "users" WHERE "users"."id" = $1 LIMIT $2[0m  [["id", 1], ["LIMIT", 1]]
  ↳ app/controllers/application_controller.rb:6
Redirected to http://localhost:3000/login
Completed 302 Found in 18ms (ActiveRecord: 9.0ms)


Started GET "/login" for ::1 at 2021-04-25 07:28:58 +1000
Processing by SessionController#new as HTML
  Rendering session/new.html.erb within layouts/application
  Rendered session/new.html.erb within layouts/application (0.7ms)
Completed 200 OK in 12ms (Views: 10.9ms | ActiveRecord: 0.0ms)


Started GET "/users/new" for ::1 at 2021-04-25 07:29:01 +1000
Processing by UsersController#new as HTML
  Rendering users/new.html.erb within layouts/application
  Rendered users/new.html.erb within layouts/application (12.1ms)
Completed 200 OK in 27ms (Views: 24.9ms | ActiveRecord: 0.0ms)


Started GET "/login" for ::1 at 2021-04-25 07:29:03 +1000
Processing by SessionController#new as HTML
  Rendering session/new.html.erb within layouts/application
  Rendered session/new.html.erb within layouts/application (1.3ms)
Completed 200 OK in 19ms (Views: 17.3ms | ActiveRecord: 0.0ms)


Started GET "/users/new" for ::1 at 2021-04-25 07:29:04 +1000
Processing by UsersController#new as HTML
  Rendering users/new.html.erb within layouts/application
  Rendered users/new.html.erb within layouts/application (1.6ms)
Completed 200 OK in 15ms (Views: 14.4ms | ActiveRecord: 0.0ms)


Started GET "/login" for ::1 at 2021-04-25 07:29:04 +1000
Processing by SessionController#new as HTML
  Rendering session/new.html.erb within layouts/application
  Rendered session/new.html.erb within layouts/application (1.0ms)
Completed 200 OK in 16ms (Views: 15.4ms | ActiveRecord: 0.0ms)


Started POST "/login" for ::1 at 2021-04-25 07:29:10 +1000
Processing by SessionController#create as HTML
  Parameters: {"utf8"=>"✓", "authenticity_token"=>"I3nPE048flz0V3XXvIDZxrxggZ-AF4_2xVHPi6mBEddqEGjQrEASGhc4MJaYjiM3TOTfnD9M-unQ9XvvW_mnbQ", "email"=>"jonesy@ga.co", "password"=>"[FILTERED]", "commit"=>"Sign in"}
  [1m[36mUser Load (0.4ms)[0m  [1m[34mSELECT  "users".* FROM "users" WHERE "users"."email" = $1 LIMIT $2[0m  [["email", "jonesy@ga.co"], ["LIMIT", 1]]
  ↳ app/controllers/session_controller.rb:6
Redirected to http://localhost:3000/login
Completed 302 Found in 219ms (ActiveRecord: 0.4ms)


Started GET "/login" for ::1 at 2021-04-25 07:29:10 +1000
Processing by SessionController#new as HTML
  Rendering session/new.html.erb within layouts/application
  Rendered session/new.html.erb within layouts/application (0.7ms)
Completed 200 OK in 23ms (Views: 21.6ms | ActiveRecord: 0.0ms)


Started POST "/login" for ::1 at 2021-04-25 07:29:17 +1000
Processing by SessionController#create as HTML
  Parameters: {"utf8"=>"✓", "authenticity_token"=>"Et7yOnwGmiCKolBGeI-f-W8tKnjjd2bIFFHf6qRgrpV0UJEUaapwvKBj4LhWfumS4Qoc3F8ThcJg0fNFJYIMsw", "email"=>"jonesy@ga.co", "password"=>"[FILTERED]", "commit"=>"Sign in"}
  [1m[36mUser Load (0.4ms)[0m  [1m[34mSELECT  "users".* FROM "users" WHERE "users"."email" = $1 LIMIT $2[0m  [["email", "jonesy@ga.co"], ["LIMIT", 1]]
  ↳ app/controllers/session_controller.rb:6
Redirected to http://localhost:3000/
Completed 302 Found in 218ms (ActiveRecord: 0.4ms)


Started GET "/" for ::1 at 2021-04-25 07:29:17 +1000
Processing by PagesController#home as HTML
  [1m[36mUser Load (0.3ms)[0m  [1m[34mSELECT  "users".* FROM "users" WHERE "users"."id" = $1 LIMIT $2[0m  [["id", 1], ["LIMIT", 1]]
  ↳ app/controllers/application_controller.rb:6
  Rendering pages/home.html.erb within layouts/application
  Rendered pages/home.html.erb within layouts/application (0.3ms)
Completed 200 OK in 13ms (Views: 10.6ms | ActiveRecord: 0.3ms)


Started DELETE "/login" for ::1 at 2021-04-25 07:29:19 +1000
Processing by SessionController#destroy as HTML
  Parameters: {"authenticity_token"=>"t8XJi79TuEoFfn9-Q-NR2jiR7-gD6JavBUCPU8wm5PDRS6qlqv9S1i-_z4BtEiextrbZTL-MdaVxwKP8TcRG1g"}
  [1m[36mUser Load (0.3ms)[0m  [1m[34mSELECT  "users".* FROM "users" WHERE "users"."id" = $1 LIMIT $2[0m  [["id", 1], ["LIMIT", 1]]
  ↳ app/controllers/application_controller.rb:6
Redirected to http://localhost:3000/login
Completed 302 Found in 1ms (ActiveRecord: 0.3ms)


Started GET "/login" for ::1 at 2021-04-25 07:29:19 +1000
Processing by SessionController#new as HTML
  Rendering session/new.html.erb within layouts/application
  Rendered session/new.html.erb within layouts/application (0.7ms)
Completed 200 OK in 11ms (Views: 10.5ms | ActiveRecord: 0.0ms)


Started POST "/login" for ::1 at 2021-04-25 07:29:41 +1000
Processing by SessionController#create as HTML
  Parameters: {"utf8"=>"✓", "authenticity_token"=>"tJUtHu_7thSXDqoFat6ZBUN4Ibs0GiQNB6KKS5jpegHSG04w-ldciL3PGvtEL-9uzV8XH4h-xwdzIqbkGQvYJw", "email"=>"paul@ga.co", "password"=>"[FILTERED]", "commit"=>"Sign in"}
  [1m[36mUser Load (0.3ms)[0m  [1m[34mSELECT  "users".* FROM "users" WHERE "users"."email" = $1 LIMIT $2[0m  [["email", "paul@ga.co"], ["LIMIT", 1]]
  ↳ app/controllers/session_controller.rb:6
Completed 500 Internal Server Error in 2ms (ActiveRecord: 0.3ms)


  
NoMethodError (undefined method `authenticate' for nil:NilClass):
  
app/controllers/session_controller.rb:7:in `create'
Started GET "/users/new" for ::1 at 2021-04-25 07:29:56 +1000
Processing by UsersController#new as HTML
  Rendering users/new.html.erb within layouts/application
  Rendered users/new.html.erb within layouts/application (2.0ms)
Completed 200 OK in 19ms (Views: 17.2ms | ActiveRecord: 0.0ms)


Started POST "/users" for ::1 at 2021-04-25 07:30:15 +1000
Processing by UsersController#create as HTML
  Parameters: {"utf8"=>"✓", "authenticity_token"=>"aRd2-rFi5PZfDWhSWd2jom2MaAfSR-GboJqNomwwVn1CJEPCrtirMlXYVP6YWowdWVqDWjVckKzKtTjBF4LyPw", "user"=>{"email"=>"paul@ga.co", "password"=>"[FILTERED]", "password_confirmation"=>"[FILTERED]"}, "commit"=>"Sign Up"}
  [1m[35m (0.1ms)[0m  [1m[35mBEGIN[0m
  ↳ app/controllers/users_controller.rb:8
  [1m[36mUser Exists (0.3ms)[0m  [1m[34mSELECT  1 AS one FROM "users" WHERE "users"."email" = $1 LIMIT $2[0m  [["email", "paul@ga.co"], ["LIMIT", 1]]
  ↳ app/controllers/users_controller.rb:8
  [1m[36mUser Create (1.6ms)[0m  [1m[32mINSERT INTO "users" ("email", "created_at", "updated_at", "password_digest") VALUES ($1, $2, $3, $4) RETURNING "id"[0m  [["email", "paul@ga.co"], ["created_at", "2021-04-24 21:30:15.281655"], ["updated_at", "2021-04-24 21:30:15.281655"], ["password_digest", "$2a$12$W/gfQqnpnRRdLJqNl2b5O.MGunsaH5Rg1qJ1DvVIu6BNcCihsLW2e"]]
  ↳ app/controllers/users_controller.rb:8
  [1m[35m (1.3ms)[0m  [1m[35mCOMMIT[0m
  ↳ app/controllers/users_controller.rb:8
Redirected to http://localhost:3000/
Completed 302 Found in 223ms (ActiveRecord: 3.3ms)


Started GET "/" for ::1 at 2021-04-25 07:30:15 +1000
Processing by PagesController#home as HTML
  Rendering pages/home.html.erb within layouts/application
  Rendered pages/home.html.erb within layouts/application (0.4ms)
Completed 200 OK in 11ms (Views: 10.6ms | ActiveRecord: 0.0ms)


Started GET "/users/new" for ::1 at 2021-04-25 07:36:26 +1000
Processing by UsersController#new as HTML
  Rendering users/new.html.erb within layouts/application
  Rendered users/new.html.erb within layouts/application (1.8ms)
Completed 200 OK in 26ms (Views: 12.1ms | ActiveRecord: 7.7ms)


Started POST "/users" for ::1 at 2021-04-25 07:36:46 +1000
Processing by UsersController#create as HTML
  Parameters: {"utf8"=>"✓", "authenticity_token"=>"Fvh0n1EkjhlDOk4BZTn3Ii6hayb3l_oxKnM3pglpGEw9y0GnTp7B3Unvcq2kvtidGneAexCMiwZAXILFctu8Dg", "user"=>{"email"=>"paul@ga.co", "password"=>"[FILTERED]", "password_confirmation"=>"[FILTERED]"}, "commit"=>"Sign Up"}
  [1m[35m (0.2ms)[0m  [1m[35mBEGIN[0m
  ↳ app/controllers/users_controller.rb:8
  [1m[36mUser Exists (0.6ms)[0m  [1m[34mSELECT  1 AS one FROM "users" WHERE "users"."email" = $1 LIMIT $2[0m  [["email", "paul@ga.co"], ["LIMIT", 1]]
  ↳ app/controllers/users_controller.rb:8
  [1m[35m (0.1ms)[0m  [1m[31mROLLBACK[0m
  ↳ app/controllers/users_controller.rb:8
  Rendering users/new.html.erb within layouts/application
  Rendered users/new.html.erb within layouts/application (1.5ms)
Completed 200 OK in 231ms (Views: 10.9ms | ActiveRecord: 0.9ms)


Started POST "/users" for ::1 at 2021-04-25 07:37:04 +1000
Processing by UsersController#create as HTML
  Parameters: {"utf8"=>"✓", "authenticity_token"=>"lIM1zfdqndva1_6q2m1MG805Gt6bPngwPVFlyC6S6pTyDVbj4sZ3R_AWTlT0nDpwQx4seidamzpJ0Ulnr3BIsg", "user"=>{"email"=>"davey@ga.co", "password"=>"[FILTERED]", "password_confirmation"=>"[FILTERED]"}, "commit"=>"Sign Up"}
  [1m[35m (0.3ms)[0m  [1m[35mBEGIN[0m
  ↳ app/controllers/users_controller.rb:8
  [1m[36mUser Exists (0.3ms)[0m  [1m[34mSELECT  1 AS one FROM "users" WHERE "users"."email" = $1 LIMIT $2[0m  [["email", "davey@ga.co"], ["LIMIT", 1]]
  ↳ app/controllers/users_controller.rb:8
  [1m[36mUser Create (0.4ms)[0m  [1m[32mINSERT INTO "users" ("email", "created_at", "updated_at", "password_digest") VALUES ($1, $2, $3, $4) RETURNING "id"[0m  [["email", "davey@ga.co"], ["created_at", "2021-04-24 21:37:04.408350"], ["updated_at", "2021-04-24 21:37:04.408350"], ["password_digest", "$2a$12$UNXz6ZGiPCsTh6dcRHMKCO1VArapW8LE6UHMx2Hk3WSMcPTLP7OcC"]]
  ↳ app/controllers/users_controller.rb:8
  [1m[35m (0.7ms)[0m  [1m[35mCOMMIT[0m
  ↳ app/controllers/users_controller.rb:8
Redirected to http://localhost:3000/
Completed 302 Found in 221ms (ActiveRecord: 1.7ms)


Started GET "/" for ::1 at 2021-04-25 07:37:04 +1000
Processing by PagesController#home as HTML
  [1m[36mUser Load (0.2ms)[0m  [1m[34mSELECT  "users".* FROM "users" WHERE "users"."id" = $1 LIMIT $2[0m  [["id", 4], ["LIMIT", 1]]
  ↳ app/controllers/application_controller.rb:6
  Rendering pages/home.html.erb within layouts/application
  Rendered pages/home.html.erb within layouts/application (0.4ms)
Completed 200 OK in 13ms (Views: 11.2ms | ActiveRecord: 0.3ms)


Started DELETE "/login" for ::1 at 2021-04-25 07:37:07 +1000
Processing by SessionController#destroy as HTML
  Parameters: {"authenticity_token"=>"ewSSdY60WeQ-U5_Drlb65RIaF_XdBqnvAkFCK5Tkb2gdivFbmxizeBSSLz2Ap4yOnD0hUWFiSuV2wW6EFQbNTg"}
  [1m[36mUser Load (0.3ms)[0m  [1m[34mSELECT  "users".* FROM "users" WHERE "users"."id" = $1 LIMIT $2[0m  [["id", 4], ["LIMIT", 1]]
  ↳ app/controllers/application_controller.rb:6
Redirected to http://localhost:3000/login
Completed 302 Found in 1ms (ActiveRecord: 0.3ms)


Started GET "/login" for ::1 at 2021-04-25 07:37:07 +1000
Processing by SessionController#new as HTML
  Rendering session/new.html.erb within layouts/application
  Rendered session/new.html.erb within layouts/application (0.7ms)
Completed 200 OK in 11ms (Views: 10.6ms | ActiveRecord: 0.0ms)


Started GET "/login" for ::1 at 2021-04-26 04:24:06 +1000
  [1m[35m (0.8ms)[0m  [1m[34mSELECT "schema_migrations"."version" FROM "schema_migrations" ORDER BY "schema_migrations"."version" ASC[0m
  ↳ /Users/paul/.rvm/gems/ruby-2.7.3/gems/activerecord-5.2.5/lib/active_record/log_subscriber.rb:98
Processing by SessionController#new as HTML
  Rendering session/new.html.erb within layouts/application
  Rendered session/new.html.erb within layouts/application (3.5ms)
Completed 200 OK in 217ms (Views: 212.6ms | ActiveRecord: 0.0ms)


Started POST "/login" for ::1 at 2021-04-26 04:24:09 +1000
Processing by SessionController#create as HTML
  Parameters: {"utf8"=>"✓", "authenticity_token"=>"3jaJ0Njho1eg0C9Sj7SAjFE91gbypoCaHbFPCWp8CPe4uOr-zU1Jy4oRn6yhRfbn3xrgok7CY5BpMWOm656q0Q", "email"=>"", "password"=>"[FILTERED]", "commit"=>"Sign in"}
  [1m[36mUser Load (1.1ms)[0m  [1m[34mSELECT  "users".* FROM "users" WHERE "users"."email" = $1 LIMIT $2[0m  [["email", ""], ["LIMIT", 1]]
  ↳ app/controllers/session_controller.rb:6
Completed 500 Internal Server Error in 10ms (ActiveRecord: 3.1ms)


  
NoMethodError (undefined method `authenticate' for nil:NilClass):
  
app/controllers/session_controller.rb:7:in `create'
Started GET "/users/new" for ::1 at 2021-04-26 04:24:14 +1000
Processing by UsersController#new as HTML
  Rendering users/new.html.erb within layouts/application
  Rendered users/new.html.erb within layouts/application (11.2ms)
Completed 200 OK in 36ms (Views: 24.5ms | ActiveRecord: 6.1ms)


Started GET "/login" for ::1 at 2021-04-26 04:24:15 +1000
Processing by SessionController#new as HTML
  Rendering session/new.html.erb within layouts/application
  Rendered session/new.html.erb within layouts/application (1.0ms)
Completed 200 OK in 17ms (Views: 16.1ms | ActiveRecord: 0.0ms)


Started GET "/users/new" for ::1 at 2021-04-26 04:24:16 +1000
Processing by UsersController#new as HTML
  Rendering users/new.html.erb within layouts/application
  Rendered users/new.html.erb within layouts/application (1.9ms)
Completed 200 OK in 19ms (Views: 17.8ms | ActiveRecord: 0.0ms)


Started GET "/login" for ::1 at 2021-04-26 04:24:17 +1000
Processing by SessionController#new as HTML
  Rendering session/new.html.erb within layouts/application
  Rendered session/new.html.erb within layouts/application (0.9ms)
Completed 200 OK in 20ms (Views: 18.4ms | ActiveRecord: 0.0ms)


Started GET "/rails/info/routes" for ::1 at 2021-04-26 04:24:27 +1000
Processing by Rails::InfoController#routes as HTML
  Rendering /Users/paul/.rvm/gems/ruby-2.7.3/gems/railties-5.2.5/lib/rails/templates/rails/info/routes.html.erb within layouts/application
  Rendered collection of /Users/paul/.rvm/gems/ruby-2.7.3/gems/actionpack-5.2.5/lib/action_dispatch/middleware/templates/routes/_route.html.erb [6 times] (1.7ms)
  Rendered /Users/paul/.rvm/gems/ruby-2.7.3/gems/actionpack-5.2.5/lib/action_dispatch/middleware/templates/routes/_table.html.erb (1.6ms)
  Rendered /Users/paul/.rvm/gems/ruby-2.7.3/gems/railties-5.2.5/lib/rails/templates/rails/info/routes.html.erb within layouts/application (7.6ms)
Completed 200 OK in 12ms (Views: 10.2ms | ActiveRecord: 0.0ms)


Started GET "/users/new" for ::1 at 2021-04-26 17:06:57 +1000
  [1m[35m (2.3ms)[0m  [1m[34mSELECT "schema_migrations"."version" FROM "schema_migrations" ORDER BY "schema_migrations"."version" ASC[0m
  ↳ /Users/paul/.rvm/gems/ruby-2.7.3/gems/activerecord-5.2.5/lib/active_record/log_subscriber.rb:98
Processing by UsersController#new as HTML
  [1m[36mUser Load (0.9ms)[0m  [1m[34mSELECT  "users".* FROM "users" WHERE "users"."id" = $1 LIMIT $2[0m  [["id", 2], ["LIMIT", 1]]
  ↳ app/controllers/application_controller.rb:6
  Rendering users/new.html.erb within layouts/application
  Rendered users/new.html.erb within layouts/application (17.0ms)
Completed 200 OK in 215ms (Views: 188.9ms | ActiveRecord: 8.6ms)


Started DELETE "/login" for ::1 at 2021-04-26 17:07:07 +1000
Processing by SessionController#destroy as HTML
  Parameters: {"authenticity_token"=>"SxHqs4vQ5H-Lgk1qt2x9thRyHiR9zhe3M-B485yOgRYSAbXPjRyPeKYQpxcZu634xksDWK_iEBjlNnxp5yc7nQ"}
  [1m[36mUser Load (0.4ms)[0m  [1m[34mSELECT  "users".* FROM "users" WHERE "users"."id" = $1 LIMIT $2[0m  [["id", 2], ["LIMIT", 1]]
  ↳ app/controllers/application_controller.rb:6
Redirected to http://localhost:3000/login
Completed 302 Found in 2ms (ActiveRecord: 0.4ms)


Started GET "/login" for ::1 at 2021-04-26 17:07:07 +1000
Processing by SessionController#new as HTML
  Rendering session/new.html.erb within layouts/application
  Rendered session/new.html.erb within layouts/application (3.5ms)
Completed 200 OK in 23ms (Views: 21.2ms | ActiveRecord: 0.0ms)


